<?xml version="1.0" encoding="utf-8"?>
<testsuite errors="9" failures="0" name="unittest.TestSuite" tests="9" time="0.012">
  <testcase classname="test.unittests.UnitTests" name="testAutoDragToBoundary" time="0.0073">
    <error type="exceptions.ImportError">No module named documentcontroller
  File "/System/Library/Frameworks/Python.framework/Versions/2.6/lib/python2.6/unittest.py", line 270, in run
    self.setUp()
  File "test/unittests.py", line 59, in setUp
  File "test/cadnanoguitestcase.py", line 47, in setUp
  File "/Users/shawn/Desktop/cadnano2/cadnano.py", line 118, in initGui
    self.d = self.newDocument(isFirstNewDoc=True)
  File "/Users/shawn/Desktop/cadnano2/cadnano.py", line 142, in newDocument
    from ui.documentcontroller import DocumentController
    </error>
  </testcase>
  <testcase classname="test.modeltests.ModelTests" name="testClearCrossovers" time="0.0006">
    <error type="exceptions.ImportError">No module named documentcontroller
  File "/System/Library/Frameworks/Python.framework/Versions/2.6/lib/python2.6/unittest.py", line 270, in run
    self.setUp()
  File "test/modeltests.py", line 61, in setUp
  File "test/cadnanoguitestcase.py", line 50, in setUp
  File "/Users/shawn/Desktop/cadnano2/cadnano.py", line 142, in newDocument
    from ui.documentcontroller import DocumentController
    </error>
  </testcase>
  <testcase classname="test.modeltests.ModelTests" name="testFractionalClearStrandCommand" time="0.0006">
    <error type="exceptions.ImportError">No module named documentcontroller
  File "/System/Library/Frameworks/Python.framework/Versions/2.6/lib/python2.6/unittest.py", line 270, in run
    self.setUp()
  File "test/modeltests.py", line 61, in setUp
  File "test/cadnanoguitestcase.py", line 50, in setUp
  File "/Users/shawn/Desktop/cadnano2/cadnano.py", line 142, in newDocument
    from ui.documentcontroller import DocumentController
    </error>
  </testcase>
  <testcase classname="test.modeltests.ModelTests" name="testVH" time="0.0006">
    <error type="exceptions.ImportError">No module named documentcontroller
  File "/System/Library/Frameworks/Python.framework/Versions/2.6/lib/python2.6/unittest.py", line 270, in run
    self.setUp()
  File "test/modeltests.py", line 61, in setUp
  File "test/cadnanoguitestcase.py", line 50, in setUp
  File "/Users/shawn/Desktop/cadnano2/cadnano.py", line 142, in newDocument
    from ui.documentcontroller import DocumentController
    </error>
  </testcase>
  <testcase classname="test.functionaltests.FunctionalTests" name="testActiveSliceHandleAltShiftClick" time="0.0006">
    <error type="exceptions.ImportError">No module named documentcontroller
  File "/System/Library/Frameworks/Python.framework/Versions/2.6/lib/python2.6/unittest.py", line 270, in run
    self.setUp()
  File "test/functionaltests.py", line 57, in setUp
  File "test/cadnanoguitestcase.py", line 50, in setUp
  File "/Users/shawn/Desktop/cadnano2/cadnano.py", line 142, in newDocument
    from ui.documentcontroller import DocumentController
    </error>
  </testcase>
  <testcase classname="test.functionaltests.FunctionalTests" name="testEndpointAltClick" time="0.0006">
    <error type="exceptions.ImportError">No module named documentcontroller
  File "/System/Library/Frameworks/Python.framework/Versions/2.6/lib/python2.6/unittest.py", line 270, in run
    self.setUp()
  File "test/functionaltests.py", line 57, in setUp
  File "test/cadnanoguitestcase.py", line 50, in setUp
  File "/Users/shawn/Desktop/cadnano2/cadnano.py", line 142, in newDocument
    from ui.documentcontroller import DocumentController
    </error>
  </testcase>
  <testcase classname="test.recordedtests.template.RecordedTests" name="testMethod" time="0.0004">
    <error type="exceptions.ImportError">No module named documentcontroller
  File "/System/Library/Frameworks/Python.framework/Versions/2.6/lib/python2.6/unittest.py", line 270, in run
    self.setUp()
  File "test/recordedtests/template.py", line 48, in setUp
    CadnanoGuiTestCase.setUp(self)
  File "test/cadnanoguitestcase.py", line 50, in setUp
  File "/Users/shawn/Desktop/cadnano2/cadnano.py", line 142, in newDocument
    from ui.documentcontroller import DocumentController
    </error>
  </testcase>
  <testcase classname="test.recordedtests.template.RecordedTests" name="testMethod000" time="0.0004">
    <error type="exceptions.ImportError">No module named documentcontroller
  File "/System/Library/Frameworks/Python.framework/Versions/2.6/lib/python2.6/unittest.py", line 270, in run
    self.setUp()
  File "test/recordedtests/template.py", line 48, in setUp
    CadnanoGuiTestCase.setUp(self)
  File "test/cadnanoguitestcase.py", line 50, in setUp
  File "/Users/shawn/Desktop/cadnano2/cadnano.py", line 142, in newDocument
    from ui.documentcontroller import DocumentController
    </error>
  </testcase>
  <testcase classname="test.recordedtests.template.RecordedTests" name="testMethod1" time="0.0004">
    <error type="exceptions.ImportError">No module named documentcontroller
  File "/System/Library/Frameworks/Python.framework/Versions/2.6/lib/python2.6/unittest.py", line 270, in run
    self.setUp()
  File "test/recordedtests/template.py", line 48, in setUp
    CadnanoGuiTestCase.setUp(self)
  File "test/cadnanoguitestcase.py", line 50, in setUp
  File "/Users/shawn/Desktop/cadnano2/cadnano.py", line 142, in newDocument
    from ui.documentcontroller import DocumentController
    </error>
  </testcase>
  <system-out><![CDATA[]]></system-out>
  <system-err><![CDATA[]]></system-err>
</testsuite>
